Build started 03/09/2016 18:33:31.
     1>Project "C:\Users\Lucas\Documents\Visual Studio 2015\Projects\OpenCV\OpenCV\OpenCV.vcxproj" on node 2 (Build target(s)).
     1>ClCompile:
         C:\Program Files (x86)\Microsoft Visual Studio 14.0\VC\bin\CL.exe /c /IC:\opencv\build\include /ZI /nologo /W3 /WX- /sdl /Od /Oy- /D WIN32 /D _DEBUG /D _CONSOLE /D _UNICODE /D UNICODE /Gm /EHsc /RTC1 /MDd /GS /fp:precise /Zc:wchar_t /Zc:forScope /Zc:inline /Fo"Debug\\" /Fd"Debug\vc140.pdb" /Gd /TP /analyze- /errorReport:prompt Source.cpp
         Source.cpp
       Link:
         C:\Program Files (x86)\Microsoft Visual Studio 14.0\VC\bin\link.exe /ERRORREPORT:PROMPT /OUT:"C:\Users\Lucas\Documents\Visual Studio 2015\Projects\OpenCV\Debug\OpenCV.exe" /INCREMENTAL /NOLOGO kernel32.lib user32.lib gdi32.lib winspool.lib comdlg32.lib advapi32.lib shell32.lib ole32.lib oleaut32.lib uuid.lib odbc32.lib odbccp32.lib /MANIFEST /MANIFESTUAC:"level='asInvoker' uiAccess='false'" /manifest:embed /Debug /PDB:"C:\Users\Lucas\Documents\Visual Studio 2015\Projects\OpenCV\Debug\OpenCV.pdb" /SUBSYSTEM:CONSOLE /TLBID:1 /DYNAMICBASE /NXCOMPAT /IMPLIB:"C:\Users\Lucas\Documents\Visual Studio 2015\Projects\OpenCV\Debug\OpenCV.lib" /MACHINE:X86 Debug\Source.obj
     1>Source.obj : error LNK2019: unresolved external symbol "void __cdecl cv::fastFree(void *)" (?fastFree@cv@@YAXPAX@Z) referenced in function "public: __thiscall cv::Mat::~Mat(void)" (??1Mat@cv@@QAE@XZ)
     1>Source.obj : error LNK2019: unresolved external symbol "private: char * __thiscall cv::String::allocate(unsigned int)" (?allocate@String@cv@@AAEPADI@Z) referenced in function "public: __thiscall cv::String::String(class std::basic_string<char,struct std::char_traits<char>,class std::allocator<char> > const &)" (??0String@cv@@QAE@ABV?$basic_string@DU?$char_traits@D@std@@V?$allocator@D@2@@std@@@Z)
     1>Source.obj : error LNK2019: unresolved external symbol "private: void __thiscall cv::String::deallocate(void)" (?deallocate@String@cv@@AAEXXZ) referenced in function "public: __thiscall cv::String::~String(void)" (??1String@cv@@QAE@XZ)
     1>Source.obj : error LNK2019: unresolved external symbol "void __cdecl cv::error(int,class cv::String const &,char const *,char const *,int)" (?error@cv@@YAXHABVString@1@PBD1H@Z) referenced in function "public: __thiscall cv::Mat::Mat(class cv::Mat &&)" (??0Mat@cv@@QAE@$$QAV01@@Z)
     1>Source.obj : error LNK2019: unresolved external symbol "public: __thiscall cv::Mat::Mat(class cv::Mat const &,class cv::Rect_<int> const &)" (??0Mat@cv@@QAE@ABV01@ABV?$Rect_@H@1@@Z) referenced in function "public: class cv::Mat __thiscall cv::Mat::operator()(class cv::Rect_<int> const &)const " (??RMat@cv@@QBE?AV01@ABV?$Rect_@H@1@@Z)
     1>Source.obj : error LNK2019: unresolved external symbol "public: void __thiscall cv::Mat::copyTo(class cv::_OutputArray const &)const " (?copyTo@Mat@cv@@QBEXABV_OutputArray@2@@Z) referenced in function "public: class cv::Mat __thiscall cv::Mat::clone(void)const " (?clone@Mat@cv@@QBE?AV12@XZ)
     1>Source.obj : error LNK2019: unresolved external symbol "public: void __thiscall cv::Mat::deallocate(void)" (?deallocate@Mat@cv@@QAEXXZ) referenced in function "public: void __thiscall cv::Mat::release(void)" (?release@Mat@cv@@QAEXXZ)
     1>Source.obj : error LNK2019: unresolved external symbol "void __cdecl cv::flip(class cv::_InputArray const &,class cv::_OutputArray const &,int)" (?flip@cv@@YAXABV_InputArray@1@ABV_OutputArray@1@H@Z) referenced in function "void __cdecl detectAndDraw(class cv::Mat &,class cv::CascadeClassifier &,class cv::CascadeClassifier &,double,bool)" (?detectAndDraw@@YAXAAVMat@cv@@AAVCascadeClassifier@2@1N_N@Z)
     1>Source.obj : error LNK2019: unresolved external symbol "public: __thiscall cv::CommandLineParser::CommandLineParser(int,char const * const * const,class cv::String const &)" (??0CommandLineParser@cv@@QAE@HQBQBDABVString@1@@Z) referenced in function _main
     1>Source.obj : error LNK2019: unresolved external symbol "public: __thiscall cv::CommandLineParser::~CommandLineParser(void)" (??1CommandLineParser@cv@@QAE@XZ) referenced in function _main
     1>Source.obj : error LNK2019: unresolved external symbol "public: bool __thiscall cv::CommandLineParser::has(class cv::String const &)const " (?has@CommandLineParser@cv@@QBE_NABVString@2@@Z) referenced in function _main
     1>Source.obj : error LNK2019: unresolved external symbol "public: bool __thiscall cv::CommandLineParser::check(void)const " (?check@CommandLineParser@cv@@QBE_NXZ) referenced in function _main
     1>Source.obj : error LNK2019: unresolved external symbol "protected: void __thiscall cv::CommandLineParser::getByName(class cv::String const &,bool,int,void *)const " (?getByName@CommandLineParser@cv@@IBEXABVString@2@_NHPAX@Z) referenced in function "public: int __thiscall cv::CommandLineParser::get<int>(class cv::String const &,bool)const " (??$get@H@CommandLineParser@cv@@QBEHABVString@1@_N@Z)
     1>Source.obj : error LNK2019: unresolved external symbol "public: __thiscall cv::CascadeClassifier::CascadeClassifier(void)" (??0CascadeClassifier@cv@@QAE@XZ) referenced in function _main
     1>Source.obj : error LNK2019: unresolved external symbol "public: __thiscall cv::CascadeClassifier::~CascadeClassifier(void)" (??1CascadeClassifier@cv@@QAE@XZ) referenced in function _main
     1>Source.obj : error LNK2019: unresolved external symbol "public: bool __thiscall cv::CascadeClassifier::load(class cv::String const &)" (?load@CascadeClassifier@cv@@QAE_NABVString@2@@Z) referenced in function _main
     1>Source.obj : error LNK2019: unresolved external symbol "public: void __thiscall cv::CascadeClassifier::detectMultiScale(class cv::_InputArray const &,class std::vector<class cv::Rect_<int>,class std::allocator<class cv::Rect_<int> > > &,double,int,int,class cv::Size_<int>,class cv::Size_<int>)" (?detectMultiScale@CascadeClassifier@cv@@QAEXABV_InputArray@2@AAV?$vector@V?$Rect_@H@cv@@V?$allocator@V?$Rect_@H@cv@@@std@@@std@@NHHV?$Size_@H@2@2@Z) referenced in function "void __cdecl detectAndDraw(class cv::Mat &,class cv::CascadeClassifier &,class cv::CascadeClassifier &,double,bool)" (?detectAndDraw@@YAXAAVMat@cv@@AAVCascadeClassifier@2@1N_N@Z)
     1>Source.obj : error LNK2019: unresolved external symbol "public: __thiscall cv::VideoCapture::VideoCapture(void)" (??0VideoCapture@cv@@QAE@XZ) referenced in function _main
     1>Source.obj : error LNK2019: unresolved external symbol "public: virtual __thiscall cv::VideoCapture::~VideoCapture(void)" (??1VideoCapture@cv@@UAE@XZ) referenced in function _main
     1>Source.obj : error LNK2019: unresolved external symbol "public: virtual bool __thiscall cv::VideoCapture::open(class cv::String const &)" (?open@VideoCapture@cv@@UAE_NABVString@2@@Z) referenced in function _main
     1>Source.obj : error LNK2019: unresolved external symbol "public: virtual bool __thiscall cv::VideoCapture::open(int)" (?open@VideoCapture@cv@@UAE_NH@Z) referenced in function _main
     1>Source.obj : error LNK2019: unresolved external symbol "public: virtual bool __thiscall cv::VideoCapture::isOpened(void)const " (?isOpened@VideoCapture@cv@@UBE_NXZ) referenced in function _main
     1>Source.obj : error LNK2019: unresolved external symbol "int __cdecl cv::waitKey(int)" (?waitKey@cv@@YAHH@Z) referenced in function _main
     1>Source.obj : error LNK2019: unresolved external symbol "void __cdecl cv::imshow(class cv::String const &,class cv::_InputArray const &)" (?imshow@cv@@YAXABVString@1@ABV_InputArray@1@@Z) referenced in function "void __cdecl detectAndDraw(class cv::Mat &,class cv::CascadeClassifier &,class cv::CascadeClassifier &,double,bool)" (?detectAndDraw@@YAXAAVMat@cv@@AAVCascadeClassifier@2@1N_N@Z)
     1>Source.obj : error LNK2019: unresolved external symbol "void __cdecl cv::resize(class cv::_InputArray const &,class cv::_OutputArray const &,class cv::Size_<int>,double,double,int)" (?resize@cv@@YAXABV_InputArray@1@ABV_OutputArray@1@V?$Size_@H@1@NNH@Z) referenced in function "void __cdecl detectAndDraw(class cv::Mat &,class cv::CascadeClassifier &,class cv::CascadeClassifier &,double,bool)" (?detectAndDraw@@YAXAAVMat@cv@@AAVCascadeClassifier@2@1N_N@Z)
     1>Source.obj : error LNK2019: unresolved external symbol "void __cdecl cv::equalizeHist(class cv::_InputArray const &,class cv::_OutputArray const &)" (?equalizeHist@cv@@YAXABV_InputArray@1@ABV_OutputArray@1@@Z) referenced in function "void __cdecl detectAndDraw(class cv::Mat &,class cv::CascadeClassifier &,class cv::CascadeClassifier &,double,bool)" (?detectAndDraw@@YAXAAVMat@cv@@AAVCascadeClassifier@2@1N_N@Z)
     1>Source.obj : error LNK2019: unresolved external symbol "void __cdecl cv::cvtColor(class cv::_InputArray const &,class cv::_OutputArray const &,int,int)" (?cvtColor@cv@@YAXABV_InputArray@1@ABV_OutputArray@1@HH@Z) referenced in function "void __cdecl detectAndDraw(class cv::Mat &,class cv::CascadeClassifier &,class cv::CascadeClassifier &,double,bool)" (?detectAndDraw@@YAXAAVMat@cv@@AAVCascadeClassifier@2@1N_N@Z)
     1>Source.obj : error LNK2019: unresolved external symbol "void __cdecl cv::rectangle(class cv::_InputOutputArray const &,class cv::Point_<int>,class cv::Point_<int>,class cv::Scalar_<double> const &,int,int,int)" (?rectangle@cv@@YAXABV_InputOutputArray@1@V?$Point_@H@1@1ABV?$Scalar_@N@1@HHH@Z) referenced in function "void __cdecl detectAndDraw(class cv::Mat &,class cv::CascadeClassifier &,class cv::CascadeClassifier &,double,bool)" (?detectAndDraw@@YAXAAVMat@cv@@AAVCascadeClassifier@2@1N_N@Z)
     1>Source.obj : error LNK2019: unresolved external symbol "void __cdecl cv::circle(class cv::_InputOutputArray const &,class cv::Point_<int>,int,class cv::Scalar_<double> const &,int,int,int)" (?circle@cv@@YAXABV_InputOutputArray@1@V?$Point_@H@1@HABV?$Scalar_@N@1@HHH@Z) referenced in function "void __cdecl detectAndDraw(class cv::Mat &,class cv::CascadeClassifier &,class cv::CascadeClassifier &,double,bool)" (?detectAndDraw@@YAXAAVMat@cv@@AAVCascadeClassifier@2@1N_N@Z)
     1>C:\Users\Lucas\Documents\Visual Studio 2015\Projects\OpenCV\Debug\OpenCV.exe : fatal error LNK1120: 29 unresolved externals
     1>Done Building Project "C:\Users\Lucas\Documents\Visual Studio 2015\Projects\OpenCV\OpenCV\OpenCV.vcxproj" (Build target(s)) -- FAILED.

Build FAILED.

Time Elapsed 00:00:02.08
